<?xml version="1.0" encoding="UTF-8"?>
<!-- Generated by org.testng.reporters.JUnitReportReporter -->
<testsuite hostname="kirans-MacBook-Air.local" name="loginpage.Loginpage" tests="1" failures="0" timestamp="24 Jun 2018 16:29:36 GMT" time="0.001" errors="0">
  <testcase name="loginapp" time="0.001" classname="loginpage.Loginpage"/>
</testsuite> <!-- loginpage.Loginpage -->
