<?xml version="1.0" encoding="UTF-8"?>
<!-- Generated by org.testng.reporters.JUnitReportReporter -->
<testsuite hostname="MacBook-Air.local" failures="0" tests="1" name="loginpage.Loginpage" time="0.002" errors="0" timestamp="25 May 2021 11:45:45 GMT">
  <testcase classname="loginpage.Loginpage" name="loginapp" time="0.002"/>
</testsuite> <!-- loginpage.Loginpage -->
